2021-11-23 23:12:41,340 INFO main org.hibernate.Version - HHH000412: Hibernate ORM core version 6.0.0.Beta1
2021-11-23 23:12:42,120 INFO main org.hibernate.annotations.common.Version - HCANN000001: Hibernate Commons Annotations {5.1.2.Final}
2021-11-23 23:12:42,394 WARN main org.hibernate.orm.connections.pooling - HHH10001002: Using built-in connection pool (not intended for production use)
2021-11-23 23:12:42,403 INFO main org.hibernate.orm.connections.pooling - HHH10001005: Loaded JDBC driver class: org.postgresql.Driver
2021-11-23 23:12:42,403 INFO main org.hibernate.orm.connections.pooling - HHH10001012: Connecting with JDBC URL [jdbc:postgresql://localhost:5432/bookshop]
2021-11-23 23:12:42,404 INFO main org.hibernate.orm.connections.pooling - HHH10001001: Connection properties: {password=****, user=postgres}
2021-11-23 23:12:42,404 INFO main org.hibernate.orm.connections.pooling - HHH10001003: Autocommit mode: false
2021-11-23 23:12:42,409 INFO main org.hibernate.orm.connections.pooling - HHH10001115: Connection pool size: 1 (min=1)
2021-11-23 23:12:42,891 INFO main SQL dialect - HHH000400: Using dialect: org.hibernate.dialect.PostgreSQLDialect
2021-11-23 23:12:44,443 INFO main org.hibernate.orm.connections.access - HHH10001501: Connection obtained from JdbcConnectionAccess [org.hibernate.engine.jdbc.env.internal.JdbcEnvironmentInitiator$ConnectionProviderJdbcConnectionAccess@582e9152] for (non-JTA) DDL execution was not in auto-commit mode; the Connection 'local transaction' will be committed and the Connection will be set into auto-commit mode.
2021-11-23 23:12:44,626 INFO main org.hibernate.engine.transaction.jta.platform.internal.JtaPlatformInitiator - HHH000490: Using JtaPlatform implementation: [org.hibernate.engine.transaction.jta.platform.internal.NoJtaPlatform]
2021-11-23 23:12:44,959 INFO main com.moon.senla.impl.BookServiceImpl - Method completed - sortBookByTitle
2021-11-24 01:01:26,175 INFO main org.hibernate.Version - HHH000412: Hibernate ORM core version 6.0.0.Beta1
2021-11-24 01:01:26,728 INFO main org.hibernate.annotations.common.Version - HCANN000001: Hibernate Commons Annotations {5.1.2.Final}
2021-11-24 01:01:26,905 WARN main org.hibernate.orm.connections.pooling - HHH10001002: Using built-in connection pool (not intended for production use)
2021-11-24 01:01:26,913 INFO main org.hibernate.orm.connections.pooling - HHH10001005: Loaded JDBC driver class: org.postgresql.Driver
2021-11-24 01:01:26,913 INFO main org.hibernate.orm.connections.pooling - HHH10001012: Connecting with JDBC URL [jdbc:postgresql://localhost:5432/bookshop]
2021-11-24 01:01:26,913 INFO main org.hibernate.orm.connections.pooling - HHH10001001: Connection properties: {password=****, user=postgres}
2021-11-24 01:01:26,913 INFO main org.hibernate.orm.connections.pooling - HHH10001003: Autocommit mode: false
2021-11-24 01:01:26,917 INFO main org.hibernate.orm.connections.pooling - HHH10001115: Connection pool size: 1 (min=1)
2021-11-24 01:01:27,185 INFO main SQL dialect - HHH000400: Using dialect: org.hibernate.dialect.PostgreSQLDialect
2021-11-24 01:01:28,225 INFO main org.hibernate.orm.connections.access - HHH10001501: Connection obtained from JdbcConnectionAccess [org.hibernate.engine.jdbc.env.internal.JdbcEnvironmentInitiator$ConnectionProviderJdbcConnectionAccess@1c98b4eb] for (non-JTA) DDL execution was not in auto-commit mode; the Connection 'local transaction' will be committed and the Connection will be set into auto-commit mode.
2021-11-24 01:01:28,363 INFO main org.hibernate.engine.transaction.jta.platform.internal.JtaPlatformInitiator - HHH000490: Using JtaPlatform implementation: [org.hibernate.engine.transaction.jta.platform.internal.NoJtaPlatform]
2021-11-24 01:01:28,589 INFO main com.moon.senla.impl.BookServiceImpl - Method completed - sortBookByTitle
2021-11-24 01:01:30,630 INFO main com.moon.senla.Runner - The program is closed
